"Start of log file."
"C:/Users/miche/Desktop/facens/PA2/JOGODA~1/jogo/JOGODA~1/Assets/Modelos/BLOCOL~1.MAX"
"Starting max loading and fbx conversion"
window = undefined
"Settings units"
"Before fbx export"
"After fbx export"
"Finished max loading and fbx conversion"
"C:/Users/miche/Desktop/facens/PA2/JOGODA~1/jogo/JOGODA~1/Assets/Modelos/BLOCOI~1.MAX"
"Starting max loading and fbx conversion"
window = undefined
"Settings units"
"Before fbx export"
"After fbx export"
"Finished max loading and fbx conversion"
"C:/Users/miche/Desktop/facens/PA2/JOGODA~1/jogo/JOGODA~1/Assets/Modelos/BIBLIO~1.MAX"
"Starting max loading and fbx conversion"
window = undefined
"Settings units"
"Before fbx export"
"After fbx export"
"Finished max loading and fbx conversion"
"C:/Users/miche/Desktop/facens/PA2/JOGODA~1/jogo/JOGODA~1/Assets/Modelos/GINASI~1.MAX"
"Starting max loading and fbx conversion"
window = undefined
"Settings units"
"Before fbx export"
"After fbx export"
"Finished max loading and fbx conversion"
"C:/Users/miche/Desktop/facens/PA2/JOGODA~1/jogo/JOGODA~1/Assets/Modelos/BLOCOB~1.MAX"
"Starting max loading and fbx conversion"
window = undefined
"Settings units"
"Before fbx export"
"After fbx export"
"Finished max loading and fbx conversion"
"C:/Users/miche/Desktop/facens/PA2/JOGODA~1/jogo/JOGODA~1/Assets/Modelos/BLOCOF~1.MAX"
"Starting max loading and fbx conversion"
window = undefined
"Settings units"
"Before fbx export"
"After fbx export"
"Finished max loading and fbx conversion"
"C:/Users/miche/Desktop/facens/PA2/JOGODA~1/jogo/JOGODA~1/Assets/Modelos/LADOBL~1.MAX"
"Starting max loading and fbx conversion"
window = undefined
"Settings units"
"Before fbx export"
"After fbx export"
"Finished max loading and fbx conversion"
